#-----------------------------------------------------------
# Vivado v2018.3 (64-bit)
# SW Build 2405991 on Thu Dec  6 23:38:27 MST 2018
# IP Build 2404404 on Fri Dec  7 01:43:56 MST 2018
# Start of session at: Wed Apr 24 14:58:50 2019
# Process ID: 13220
# Current directory: E:/Programming/Vivado/dino-renderer-master
# Command line: vivado.exe -gui_launcher_event rodinguilauncherevent3560 E:\Programming\Vivado\dino-renderer-master\final project.xpr
# Log file: E:/Programming/Vivado/dino-renderer-master/vivado.log
# Journal file: E:/Programming/Vivado/dino-renderer-master\vivado.jou
#-----------------------------------------------------------
start_guioopen_project {E:/Programming/Vivado/dino-renderer-master/final project.xpr}
INFO: [Project 1-313] Project file moved from 'S:/final project' since last save.
Scanning sources...
Finished scanning sources
WARNING: [filemgmt 56-2] IPUserFilesDir: Could not find the directory 'E:/Programming/Vivado/dino-renderer-master/final project.ip_user_files', nor could it be found using path 'S:/final project/final project.ip_user_files'.
INFO: [IP_Flow 19-234] Refreshing IP repositories
INFO: [IP_Flow 19-1704] No user IP repositories specified
INFO: [IP_Flow 19-2313] Loaded Vivado IP repository 'C:/Xilinx/Vivado/2018.3/data/ip'.
open_project: Time (s): cpu = 00:00:16 ; elapsed = 00:00:06 . Memory (MB): peak = 678.594 ; gain = 52.363
update_compile_order -fileset sources_1exit
INFO: [Common 17-206] Exiting Vivado at Wed Apr 24 15:00:37 2019...

